TN:
SF:src/modules/appointments/services/CreateAppointmentService.ts
FN:81,__decorate
FN:81,__metadata
FN:81,__param
FN:81,__importDefault
FN:20,CreateAppointmentService
FN:31,execute
FNF:6
FNH:6
FNDA:1,__decorate
FNDA:1,__metadata
FNDA:3,__param
FNDA:1,__importDefault
FNDA:5,CreateAppointmentService
FNDA:7,execute
DA:1,1
DA:2,1
DA:3,1
DA:4,1
DA:5,1
DA:6,1
DA:7,1
DA:8,1
DA:9,1
DA:10,1
DA:11,1
DA:12,1
DA:13,1
DA:14,1
DA:15,1
DA:16,1
DA:17,1
DA:18,1
DA:19,1
DA:20,1
DA:21,5
DA:22,5
DA:23,5
DA:24,5
DA:25,5
DA:26,5
DA:27,5
DA:28,5
DA:29,5
DA:30,1
DA:31,1
DA:32,7
DA:33,7
DA:34,7
DA:35,7
DA:36,7
DA:37,7
DA:38,7
DA:39,1
DA:40,1
DA:41,6
DA:42,7
DA:43,2
DA:44,2
DA:45,4
DA:46,7
DA:47,2
DA:48,2
DA:49,2
DA:50,2
DA:51,2
DA:52,2
DA:53,2
DA:54,7
DA:55,0
DA:56,0
DA:57,2
DA:58,2
DA:59,2
DA:60,2
DA:61,2
DA:62,2
DA:63,2
DA:64,2
DA:65,2
DA:66,2
DA:67,2
DA:68,2
DA:69,2
DA:70,2
DA:71,2
DA:72,2
DA:73,2
DA:74,2
DA:75,2
DA:76,2
DA:77,2
DA:78,1
DA:79,1
DA:80,1
DA:81,1
LF:81
LH:79
BRDA:81,0,0,1
BRDA:81,1,0,1
BRDA:81,2,0,0
BRDA:81,3,0,0
BRDA:81,4,0,0
BRDA:81,5,0,0
BRDA:81,6,0,1
BRDA:81,7,0,3
BRDA:81,8,0,3
BRDA:81,9,0,1
BRDA:81,10,0,0
BRDA:20,11,0,5
BRDA:31,12,0,7
BRDA:38,13,0,1
BRDA:40,14,0,6
BRDA:42,15,0,2
BRDA:44,16,0,4
BRDA:46,17,0,3
BRDA:46,18,0,2
BRDA:54,19,0,0
BRDA:56,20,0,2
BRDA:77,21,0,0
BRF:22
BRH:15
end_of_record
TN:
SF:src/modules/appointments/services/ListProviderAppointmentsService.ts
FN:54,__decorate
FN:54,__metadata
FN:54,__param
FN:17,ListProviderAppointmentsService
FN:25,execute
FNF:5
FNH:5
FNDA:1,__decorate
FNDA:1,__metadata
FNDA:2,__param
FNDA:1,ListProviderAppointmentsService
FNDA:1,execute
DA:1,1
DA:2,1
DA:3,1
DA:4,1
DA:5,1
DA:6,1
DA:7,1
DA:8,1
DA:9,1
DA:10,1
DA:11,1
DA:12,1
DA:13,1
DA:14,1
DA:15,1
DA:16,1
DA:17,1
DA:18,1
DA:19,1
DA:20,1
DA:21,1
DA:22,1
DA:23,1
DA:24,1
DA:25,1
DA:26,1
DA:27,1
DA:28,1
DA:29,1
DA:30,1
DA:31,1
DA:32,1
DA:33,1
DA:34,1
DA:35,1
DA:36,1
DA:37,1
DA:38,1
DA:39,1
DA:40,1
DA:41,1
DA:42,1
DA:43,1
DA:44,1
DA:45,1
DA:46,1
DA:47,1
DA:48,1
DA:49,1
DA:50,1
DA:51,1
DA:52,1
DA:53,1
DA:54,1
LF:54
LH:54
BRDA:54,0,0,1
BRDA:54,1,0,1
BRDA:54,2,0,0
BRDA:54,3,0,0
BRDA:54,4,0,0
BRDA:54,5,0,0
BRDA:54,6,0,1
BRDA:54,7,0,2
BRDA:54,8,0,2
BRDA:17,9,0,1
BRDA:25,10,0,1
BRDA:50,11,0,0
BRF:12
BRH:7
end_of_record
TN:
SF:src/modules/appointments/services/ListProviderDayAvailabilityService.ts
FN:62,__decorate
FN:62,__metadata
FN:62,__param
FN:20,ListProviderDayAvailabilityService
FN:25,execute
FNF:5
FNH:5
FNDA:1,__decorate
FNDA:1,__metadata
FNDA:1,__param
FNDA:1,ListProviderDayAvailabilityService
FNDA:1,execute
DA:1,1
DA:2,1
DA:3,1
DA:4,1
DA:5,1
DA:6,1
DA:7,1
DA:8,1
DA:9,1
DA:10,1
DA:11,1
DA:12,1
DA:13,1
DA:14,1
DA:15,1
DA:16,1
DA:17,1
DA:18,1
DA:19,1
DA:20,1
DA:21,1
DA:22,1
DA:23,1
DA:24,1
DA:25,1
DA:26,1
DA:27,1
DA:28,1
DA:29,1
DA:30,1
DA:31,1
DA:32,1
DA:33,1
DA:34,1
DA:35,1
DA:36,1
DA:37,1
DA:38,1
DA:39,1
DA:40,1
DA:41,1
DA:42,1
DA:43,1
DA:44,1
DA:45,1
DA:46,10
DA:47,10
DA:48,10
DA:49,10
DA:50,10
DA:51,10
DA:52,10
DA:53,10
DA:54,10
DA:55,10
DA:56,1
DA:57,1
DA:58,1
DA:59,1
DA:60,1
DA:61,1
DA:62,1
LF:62
LH:62
BRDA:62,0,0,1
BRDA:62,1,0,1
BRDA:62,2,0,0
BRDA:62,3,0,0
BRDA:62,4,0,0
BRDA:62,5,0,0
BRDA:62,6,0,1
BRDA:62,7,0,1
BRDA:62,8,0,1
BRDA:20,9,0,1
BRDA:25,10,0,1
BRDA:58,11,0,0
BRDA:42,12,0,10
BRDA:45,13,0,10
BRDA:54,14,0,8
BRDA:47,15,0,19
BRF:16
BRH:11
end_of_record
TN:
SF:src/modules/appointments/services/ListProviderMonthAvailabilityService.ts
FN:57,__decorate
FN:57,__metadata
FN:57,__param
FN:19,ListProviderMonthAvailabilityService
FN:24,execute
FNF:5
FNH:5
FNDA:1,__decorate
FNDA:1,__metadata
FNDA:1,__param
FNDA:1,ListProviderMonthAvailabilityService
FNDA:1,execute
DA:1,1
DA:2,1
DA:3,1
DA:4,1
DA:5,1
DA:6,1
DA:7,1
DA:8,1
DA:9,1
DA:10,1
DA:11,1
DA:12,1
DA:13,1
DA:14,1
DA:15,1
DA:16,1
DA:17,1
DA:18,1
DA:19,1
DA:20,1
DA:21,1
DA:22,1
DA:23,1
DA:24,1
DA:25,1
DA:26,1
DA:27,1
DA:28,1
DA:29,1
DA:30,1
DA:31,1
DA:32,1
DA:33,1
DA:34,1
DA:35,1
DA:36,1
DA:37,1
DA:38,1
DA:39,1
DA:40,1
DA:41,1
DA:42,1
DA:43,31
DA:44,341
DA:45,31
DA:46,31
DA:47,31
DA:48,31
DA:49,31
DA:50,31
DA:51,1
DA:52,1
DA:53,1
DA:54,1
DA:55,1
DA:56,1
DA:57,1
LF:57
LH:57
BRDA:57,0,0,1
BRDA:57,1,0,1
BRDA:57,2,0,0
BRDA:57,3,0,0
BRDA:57,4,0,0
BRDA:57,5,0,0
BRDA:57,6,0,1
BRDA:57,7,0,1
BRDA:57,8,0,1
BRDA:19,9,0,1
BRDA:24,10,0,1
BRDA:53,11,0,0
BRDA:39,12,0,31
BRDA:42,13,0,31
BRDA:43,14,0,341
BRF:15
BRH:10
end_of_record
TN:
SF:src/modules/appointments/services/ListProviderService.ts
FN:40,__decorate
FN:40,__metadata
FN:40,__param
FN:14,ListProviderService
FN:22,execute
FNF:5
FNH:5
FNDA:1,__decorate
FNDA:1,__metadata
FNDA:2,__param
FNDA:1,ListProviderService
FNDA:1,execute
DA:1,1
DA:2,1
DA:3,1
DA:4,1
DA:5,1
DA:6,1
DA:7,1
DA:8,1
DA:9,1
DA:10,1
DA:11,1
DA:12,1
DA:13,1
DA:14,1
DA:15,1
DA:16,1
DA:17,1
DA:18,1
DA:19,1
DA:20,1
DA:21,1
DA:22,1
DA:23,1
DA:24,1
DA:25,1
DA:26,1
DA:27,1
DA:28,1
DA:29,1
DA:30,1
DA:31,1
DA:32,1
DA:33,1
DA:34,1
DA:35,1
DA:36,1
DA:37,1
DA:38,1
DA:39,1
DA:40,1
LF:40
LH:40
BRDA:40,0,0,1
BRDA:40,1,0,1
BRDA:40,2,0,0
BRDA:40,3,0,0
BRDA:40,4,0,0
BRDA:40,5,0,0
BRDA:40,6,0,1
BRDA:40,7,0,2
BRDA:40,8,0,2
BRDA:14,9,0,1
BRDA:22,10,0,1
BRDA:36,11,0,0
BRF:12
BRH:7
end_of_record
TN:
SF:src/modules/users/services/AuthenticateUserService.ts
FN:63,__decorate
FN:63,__metadata
FN:63,__param
FN:63,__importDefault
FN:24,AuthenticateUserService
FN:32,execute
FNF:6
FNH:6
FNDA:1,__decorate
FNDA:1,__metadata
FNDA:2,__param
FNDA:2,__importDefault
FNDA:3,AuthenticateUserService
FNDA:3,execute
DA:1,1
DA:2,1
DA:3,1
DA:4,1
DA:5,1
DA:6,1
DA:7,1
DA:8,1
DA:9,1
DA:10,1
DA:11,1
DA:12,1
DA:13,1
DA:14,1
DA:15,1
DA:16,1
DA:17,1
DA:18,1
DA:19,1
DA:20,1
DA:21,1
DA:22,1
DA:23,1
DA:24,1
DA:25,3
DA:26,3
DA:27,3
DA:28,3
DA:29,3
DA:30,3
DA:31,1
DA:32,1
DA:33,3
DA:34,3
DA:35,3
DA:36,3
DA:37,1
DA:38,1
DA:39,2
DA:40,2
DA:41,2
DA:42,2
DA:43,2
DA:44,2
DA:45,3
DA:46,1
DA:47,1
DA:48,1
DA:49,1
DA:50,1
DA:51,1
DA:52,1
DA:53,1
DA:54,1
DA:55,1
DA:56,1
DA:57,1
DA:58,1
DA:59,1
DA:60,1
DA:61,1
DA:62,1
DA:63,1
LF:63
LH:63
BRDA:63,0,0,1
BRDA:63,1,0,1
BRDA:63,2,0,0
BRDA:63,3,0,0
BRDA:63,4,0,0
BRDA:63,5,0,0
BRDA:63,6,0,1
BRDA:63,7,0,2
BRDA:63,8,0,2
BRDA:63,9,0,2
BRDA:63,10,0,0
BRDA:24,11,0,3
BRDA:32,12,0,3
BRDA:36,13,0,1
BRDA:38,14,0,2
BRDA:45,15,0,1
BRDA:59,16,0,0
BRF:17
BRH:11
end_of_record
TN:
SF:src/modules/users/services/CreateUserService.ts
FN:51,__decorate
FN:51,__metadata
FN:51,__param
FN:51,__importDefault
FN:19,CreateUserService
FN:30,execute
FNF:6
FNH:6
FNDA:1,__decorate
FNDA:1,__metadata
FNDA:3,__param
FNDA:1,__importDefault
FNDA:2,CreateUserService
FNDA:3,execute
DA:1,1
DA:2,1
DA:3,1
DA:4,1
DA:5,1
DA:6,1
DA:7,1
DA:8,1
DA:9,1
DA:10,1
DA:11,1
DA:12,1
DA:13,1
DA:14,1
DA:15,1
DA:16,1
DA:17,1
DA:18,1
DA:19,1
DA:20,2
DA:21,2
DA:22,2
DA:23,2
DA:24,2
DA:25,2
DA:26,2
DA:27,2
DA:28,2
DA:29,1
DA:30,1
DA:31,3
DA:32,3
DA:33,3
DA:34,1
DA:35,1
DA:36,2
DA:37,2
DA:38,2
DA:39,2
DA:40,2
DA:41,2
DA:42,2
DA:43,2
DA:44,2
DA:45,2
DA:46,2
DA:47,2
DA:48,1
DA:49,1
DA:50,1
DA:51,1
LF:51
LH:51
BRDA:51,0,0,1
BRDA:51,1,0,1
BRDA:51,2,0,0
BRDA:51,3,0,0
BRDA:51,4,0,0
BRDA:51,5,0,0
BRDA:51,6,0,1
BRDA:51,7,0,3
BRDA:51,8,0,3
BRDA:51,9,0,1
BRDA:51,10,0,0
BRDA:19,11,0,2
BRDA:30,12,0,3
BRDA:33,13,0,1
BRDA:35,14,0,2
BRDA:47,15,0,0
BRF:16
BRH:10
end_of_record
TN:
SF:src/modules/users/services/ResetPasswordService.ts
FN:55,__decorate
FN:55,__metadata
FN:55,__param
FN:55,__importDefault
FN:19,ResetPasswordService
FN:30,execute
FNF:6
FNH:6
FNDA:1,__decorate
FNDA:1,__metadata
FNDA:3,__param
FNDA:1,__importDefault
FNDA:4,ResetPasswordService
FNDA:4,execute
DA:1,1
DA:2,1
DA:3,1
DA:4,1
DA:5,1
DA:6,1
DA:7,1
DA:8,1
DA:9,1
DA:10,1
DA:11,1
DA:12,1
DA:13,1
DA:14,1
DA:15,1
DA:16,1
DA:17,1
DA:18,1
DA:19,1
DA:20,4
DA:21,4
DA:22,4
DA:23,4
DA:24,4
DA:25,4
DA:26,4
DA:27,4
DA:28,4
DA:29,1
DA:30,1
DA:31,4
DA:32,4
DA:33,4
DA:34,1
DA:35,1
DA:36,3
DA:37,3
DA:38,3
DA:39,4
DA:40,1
DA:41,1
DA:42,2
DA:43,2
DA:44,2
DA:45,4
DA:46,1
DA:47,1
DA:48,1
DA:49,1
DA:50,1
DA:51,1
DA:52,1
DA:53,1
DA:54,1
DA:55,1
LF:55
LH:55
BRDA:55,0,0,1
BRDA:55,1,0,1
BRDA:55,2,0,0
BRDA:55,3,0,0
BRDA:55,4,0,0
BRDA:55,5,0,0
BRDA:55,6,0,1
BRDA:55,7,0,3
BRDA:55,8,0,3
BRDA:55,9,0,1
BRDA:55,10,0,0
BRDA:19,11,0,4
BRDA:30,12,0,4
BRDA:33,13,0,1
BRDA:35,14,0,3
BRDA:39,15,0,1
BRDA:41,16,0,2
BRDA:45,17,0,1
BRF:18
BRH:13
end_of_record
TN:
SF:src/modules/users/services/SendForgotPasswordEmailService.ts
FN:59,__decorate
FN:59,__metadata
FN:59,__param
FN:59,__importDefault
FN:15,SendForgotPasswordEmailService
FN:26,execute
FNF:6
FNH:6
FNDA:1,__decorate
FNDA:1,__metadata
FNDA:3,__param
FNDA:2,__importDefault
FNDA:3,SendForgotPasswordEmailService
FNDA:3,execute
DA:1,1
DA:2,1
DA:3,1
DA:4,1
DA:5,1
DA:6,1
DA:7,1
DA:8,1
DA:9,1
DA:10,1
DA:11,1
DA:12,1
DA:13,1
DA:14,1
DA:15,1
DA:16,3
DA:17,3
DA:18,3
DA:19,3
DA:20,3
DA:21,3
DA:22,3
DA:23,3
DA:24,3
DA:25,1
DA:26,1
DA:27,3
DA:28,3
DA:29,3
DA:30,1
DA:31,1
DA:32,2
DA:33,2
DA:34,2
DA:35,2
DA:36,2
DA:37,2
DA:38,2
DA:39,2
DA:40,2
DA:41,2
DA:42,2
DA:43,2
DA:44,2
DA:45,2
DA:46,2
DA:47,2
DA:48,2
DA:49,2
DA:50,2
DA:51,2
DA:52,2
DA:53,2
DA:54,2
DA:55,2
DA:56,1
DA:57,1
DA:58,1
DA:59,1
LF:59
LH:59
BRDA:59,0,0,1
BRDA:59,1,0,1
BRDA:59,2,0,0
BRDA:59,3,0,0
BRDA:59,4,0,0
BRDA:59,5,0,0
BRDA:59,6,0,1
BRDA:59,7,0,3
BRDA:59,8,0,3
BRDA:59,9,0,2
BRDA:59,10,0,1
BRDA:59,11,0,1
BRDA:15,12,0,3
BRDA:26,13,0,3
BRDA:29,14,0,1
BRDA:31,15,0,2
BRF:16
BRH:12
end_of_record
TN:
SF:src/modules/users/services/ShowProfileService.ts
FN:33,__decorate
FN:33,__metadata
FN:33,__param
FN:33,__importDefault
FN:15,ShowProfileService
FN:20,execute
FNF:6
FNH:6
FNDA:1,__decorate
FNDA:1,__metadata
FNDA:1,__param
FNDA:1,__importDefault
FNDA:2,ShowProfileService
FNDA:2,execute
DA:1,1
DA:2,1
DA:3,1
DA:4,1
DA:5,1
DA:6,1
DA:7,1
DA:8,1
DA:9,1
DA:10,1
DA:11,1
DA:12,1
DA:13,1
DA:14,1
DA:15,1
DA:16,2
DA:17,2
DA:18,2
DA:19,1
DA:20,1
DA:21,2
DA:22,2
DA:23,2
DA:24,2
DA:25,2
DA:26,1
DA:27,1
DA:28,1
DA:29,1
DA:30,1
DA:31,1
DA:32,1
DA:33,1
LF:33
LH:33
BRDA:33,0,0,1
BRDA:33,1,0,1
BRDA:33,2,0,0
BRDA:33,3,0,0
BRDA:33,4,0,0
BRDA:33,5,0,0
BRDA:33,6,0,1
BRDA:33,7,0,1
BRDA:33,8,0,1
BRDA:33,9,0,1
BRDA:33,10,0,0
BRDA:15,11,0,2
BRDA:20,12,0,2
BRDA:25,13,0,1
BRDA:29,14,0,0
BRF:15
BRH:9
end_of_record
TN:
SF:src/modules/users/services/UpdateProfileService.ts
FN:73,__decorate
FN:73,__metadata
FN:73,__param
FN:73,__importDefault
FN:20,UpdateProfile
FN:28,execute
FNF:6
FNH:6
FNDA:1,__decorate
FNDA:1,__metadata
FNDA:2,__param
FNDA:1,__importDefault
FNDA:6,UpdateProfile
FNDA:6,execute
DA:1,1
DA:2,1
DA:3,1
DA:4,1
DA:5,1
DA:6,1
DA:7,1
DA:8,1
DA:9,1
DA:10,1
DA:11,1
DA:12,1
DA:13,1
DA:14,1
DA:15,1
DA:16,1
DA:17,1
DA:18,1
DA:19,1
DA:20,1
DA:21,6
DA:22,6
DA:23,6
DA:24,6
DA:25,6
DA:26,6
DA:27,1
DA:28,1
DA:29,6
DA:30,6
DA:31,6
DA:32,6
DA:33,6
DA:34,6
DA:35,6
DA:36,6
DA:37,6
DA:38,1
DA:39,1
DA:40,5
DA:41,5
DA:42,5
DA:43,6
DA:44,1
DA:45,1
DA:46,4
DA:47,6
DA:48,1
DA:49,1
DA:50,3
DA:51,6
DA:52,2
DA:53,2
DA:54,2
DA:55,2
DA:56,2
DA:57,2
DA:58,1
DA:59,1
DA:60,2
DA:61,2
DA:62,6
DA:63,1
DA:64,1
DA:65,1
DA:66,2
DA:67,2
DA:68,2
DA:69,2
DA:70,1
DA:71,1
DA:72,1
DA:73,1
LF:73
LH:73
BRDA:73,0,0,1
BRDA:73,1,0,1
BRDA:73,2,0,0
BRDA:73,3,0,0
BRDA:73,4,0,0
BRDA:73,5,0,0
BRDA:73,6,0,1
BRDA:73,7,0,2
BRDA:73,8,0,2
BRDA:73,9,0,1
BRDA:73,10,0,0
BRDA:20,11,0,6
BRDA:28,12,0,6
BRDA:37,13,0,1
BRDA:39,14,0,5
BRDA:43,15,0,1
BRDA:43,16,0,1
BRDA:45,17,0,4
BRDA:47,18,0,2
BRDA:47,19,0,1
BRDA:49,20,0,3
BRDA:51,21,0,2
BRDA:51,22,0,2
BRDA:57,23,0,1
BRDA:62,24,0,1
BRDA:65,25,0,2
BRDA:69,26,0,0
BRF:27
BRH:21
end_of_record
TN:
SF:src/modules/users/services/UpdateUserAvatarService.ts
FN:49,__decorate
FN:49,__metadata
FN:49,__param
FN:49,__importDefault
FN:20,UpdateuserAvatarService
FN:28,execute
FNF:6
FNH:6
FNDA:1,__decorate
FNDA:1,__metadata
FNDA:2,__param
FNDA:1,__importDefault
FNDA:3,UpdateuserAvatarService
FNDA:4,execute
DA:1,1
DA:2,1
DA:3,1
DA:4,1
DA:5,1
DA:6,1
DA:7,1
DA:8,1
DA:9,1
DA:10,1
DA:11,1
DA:12,1
DA:13,1
DA:14,1
DA:15,1
DA:16,1
DA:17,1
DA:18,1
DA:19,1
DA:20,1
DA:21,3
DA:22,3
DA:23,3
DA:24,3
DA:25,3
DA:26,3
DA:27,1
DA:28,1
DA:29,4
DA:30,4
DA:31,4
DA:32,1
DA:33,1
DA:34,3
DA:35,4
DA:36,1
DA:37,1
DA:38,3
DA:39,3
DA:40,3
DA:41,3
DA:42,3
DA:43,3
DA:44,3
DA:45,3
DA:46,1
DA:47,1
DA:48,1
DA:49,1
LF:49
LH:49
BRDA:49,0,0,1
BRDA:49,1,0,1
BRDA:49,2,0,0
BRDA:49,3,0,0
BRDA:49,4,0,0
BRDA:49,5,0,0
BRDA:49,6,0,1
BRDA:49,7,0,2
BRDA:49,8,0,2
BRDA:49,9,0,1
BRDA:49,10,0,0
BRDA:20,11,0,3
BRDA:28,12,0,4
BRDA:31,13,0,1
BRDA:33,14,0,3
BRDA:35,15,0,1
BRDA:37,16,0,3
BRDA:45,17,0,0
BRF:18
BRH:12
end_of_record
